C51 COMPILER V9.54   NIXIE                                                                 03/29/2023 21:23:09 PAGE 1   


C51 COMPILER V9.54, COMPILATION OF MODULE NIXIE
OBJECT MODULE PLACED IN .\Objects\NIXIE.obj
COMPILER INVOKED BY: D:\keil5\C51\BIN\C51.EXE NIXIE.c OPTIMIZE(8,SPEED) BROWSE DEBUG OBJECTEXTEND PRINT(.\Listings\NIXIE
                    -.lst) TABS(2) OBJECT(.\Objects\NIXIE.obj)

line level    source

   1          #include <REGX52.H>
   2          #include <intrins.h>
   3            sfr AUXR = 0x8E;
   4            sbit LSA=P2^2;
   5            sbit LSB=P2^3;
   6            sbit LSC=P2^4;
   7            typedef unsigned u16;
   8            unsigned char RxdByte;
   9            sbit BT_TX = P3 ^ 1;
  10            sbit BT_RX = P3 ^ 0;
  11          
  12          void ConfigUART(u16 baud)
  13            {
  14   1          SCON=0x50;
  15   1          TMOD&=0x0F;
  16   1          TMOD|=0x20;
  17   1          TH1=256 -(11059200/12/32)/baud; 
  18   1          TL1=TH1;
  19   1          ET1=0;
  20   1          ES=1;
  21   1          TR1=1;
  22   1          EA=1;
  23   1        }
  24          /*void sendByte(char data_msg)
  25            { 
  26                SBUF = data_msg;
  27                while(!TI);
  28                TI = 0; 
  29            }
  30           
  31          void sendString(char* str)
  32          {
  33            while( *str != '\0')
  34              {
  35                sendByte(*str);
  36                str++;
  37              }
  38          }*/
  39           
  40          /*void delay(unsigned int t)
  41          {
  42              while(t--);
  43          }*/
  44          
  45            
  46            
  47          void main()
  48          {
  49   1          LSA=1;
  50   1          LSB=1;
  51   1          LSC=1;
  52   1          ConfigUART(9600);
  53   1          while(1)
  54   1          {
C51 COMPILER V9.54   NIXIE                                                                 03/29/2023 21:23:09 PAGE 2   

  55   2            char ch = bluetooth_recv();
*** WARNING C206 IN LINE 55 OF NIXIE.c: 'bluetooth_recv': missing function-prototype
  56   2          switch(ch){
  57   3          case '1':LSC=1;LSB=1;LSA=1;P0=0x3F; break;
  58   3          case '2':LSC=1;LSB=1;LSA=1;P0=0x06; break;
  59   3          case '3':LSC=1;LSB=1;LSA=1;P0=0x5B; break;
  60   3          case '4':LSC=1;LSB=1;LSA=1;P0=0x4F; break;
  61   3          case '5':LSC=1;LSB=1;LSA=1;P0=0x66; break;
  62   3          case '6':LSC=1;LSB=1;LSA=1;P0=0x6D; break;
  63   3          case '7':LSC=1;LSB=1;LSA=1;P0=0x7D; break;
  64   3          case '8':LSC=1;LSB=1;LSA=1;P0=0x07; break;
  65   3                }
  66   2              }
  67   1            }
  68          void InterruptUART() interrupt 4
  69            {
  70   1            if(RI)
  71   1                {
  72   2                      RI=0;
  73   2                      RxdByte=SBUF;
  74   2                      SBUF=RxdByte;
  75   2                }
  76   1            if(TI)
  77   1                {
  78   2                      TI=0;
  79   2                }
  80   1        }


MODULE INFORMATION:   STATIC OVERLAYABLE
   CODE SIZE        =    214    ----
   CONSTANT SIZE    =   ----    ----
   XDATA SIZE       =   ----    ----
   PDATA SIZE       =   ----    ----
   DATA SIZE        =      1       1
   IDATA SIZE       =   ----    ----
   BIT SIZE         =   ----    ----
END OF MODULE INFORMATION.


C51 COMPILATION COMPLETE.  1 WARNING(S),  0 ERROR(S)
