C51 COMPILER V9.54   SPEEDCONTROL                                                          04/04/2023 19:56:58 PAGE 1   


C51 COMPILER V9.54, COMPILATION OF MODULE SPEEDCONTROL
OBJECT MODULE PLACED IN .\Objects\speedcontrol.obj
COMPILER INVOKED BY: D:\keil5\C51\BIN\C51.EXE speedcontrol.c OPTIMIZE(8,SPEED) BROWSE DEBUG OBJECTEXTEND PRINT(.\Listing
                    -s\speedcontrol.lst) TABS(2) OBJECT(.\Objects\speedcontrol.obj)

line level    source

   1          #include "reg52.h"
   2          #include <intrins.h>
   3          sbit IN1 = P1^1;
   4          sbit IN2 = P1^2;
   5          sbit IN3 = P1^3;
   6          sbit IN4 = P1^4;
   7          sbit k1=P3^1;//速度增加
   8          sbit k2=P3^0;//速度减小
   9          char leftspeed;
  10          char rightspeed;
  11          int cntLeft = 0;
  12          int cntRight = 0;
  13          
  14          void goForward()
  15          {
  16   1          IN1= 1;  IN2=0;
  17   1          IN3 = 1;  IN4=0;
  18   1      }
  19          
  20          void gostop()
  21          {
  22   1        IN1= 0;  IN2=0;
  23   1          IN3 = 1;  IN4=1;
  24   1      }
  25          void Timer1Init()   //100微秒@12.000MHz
  26          {
  27   1        TMOD &= 0x0F;   //设置定时器模式
  28   1        TL1 = 0x50;   //设置定时初值
  29   1        TH1 = 0xFB;   //设置定时初值
  30   1        TF1 = 0;     //清除TF1标志
  31   1        TR1 = 1;    //定时器1开始计时
  32   1      }
  33          void delay(unsigned int xms)    //@12.000MHz
  34          { 
  35   1        unsigned char i;
  36   1        while(xms--)
  37   1        {
  38   2        _nop_();
  39   2        i = 2;
  40   2        while (--i);
  41   2        }
  42   1      }
  43          void keyscan()
  44          { 
  45   1        if(k1==0)
  46   1        { 
  47   2          if(k1==0)
  48   2            delay(100);
  49   2          {
  50   3            leftspeed+=5;
  51   3            rightspeed+=5;
  52   3          }
  53   2          while(!k1); 
  54   2        }
C51 COMPILER V9.54   SPEEDCONTROL                                                          04/04/2023 19:56:58 PAGE 2   

  55   1        if(k2==0)
  56   1        { 
  57   2          if(k2==0)
  58   2            delay(100);
  59   2          {
  60   3            leftspeed-=5;
  61   3            rightspeed-=5;
  62   3          }
  63   2          while(!k2); 
  64   2        }
  65   1      }
  66          void main()
  67          {
  68   1        Timer1Init();
  69   1        while(1){
  70   2          keyscan();
  71   2        }
  72   1      }
  73          
  74          void Time1Handler() interrupt 1
  75          {
  76   1        cntLeft++;
  77   1        cntRight++;
  78   1        TL1 = 0x50;   //设置定时初值
  79   1        TH1 = 0xFB;   //设置定时初值
  80   1        if(cntLeft < leftspeed&&cntRight < rightspeed)
  81   1        {
  82   2          goForward();
  83   2        }else{
  84   2          gostop();
  85   2        }
  86   1        if(cntLeft == 20&&cntRight == 20){
  87   2          cntLeft = 0;
  88   2          cntRight = 0;
  89   2        }
  90   1       }


MODULE INFORMATION:   STATIC OVERLAYABLE
   CODE SIZE        =    239    ----
   CONSTANT SIZE    =   ----    ----
   XDATA SIZE       =   ----    ----
   PDATA SIZE       =   ----    ----
   DATA SIZE        =      6    ----
   IDATA SIZE       =   ----    ----
   BIT SIZE         =   ----    ----
END OF MODULE INFORMATION.


C51 COMPILATION COMPLETE.  0 WARNING(S),  0 ERROR(S)
