C51 COMPILER V9.54   ______                                                                03/21/2023 16:18:14 PAGE 1   


C51 COMPILER V9.54, COMPILATION OF MODULE ______
OBJECT MODULE PLACED IN .\Objects\³¬Éù²¨.obj
COMPILER INVOKED BY: D:\keil5\C51\BIN\C51.EXE ³¬Éù²¨.c OPTIMIZE(8,SPEED) BROWSE DEBUG OBJECTEXTEND PRINT(.\Listings\³¬Éù
                    -²¨.lst) TABS(2) OBJECT(.\Objects\³¬Éù²¨.obj)

line level    source

   1          #include <REGX52.H>
   2          #include <INTRINS.H>
   3          unsigned char Nixietable[]={0x3F,0x06,0x5B,0x4F,0x66,0x6D,0x7D,0x07,0x7F,0x6F};
   4          void Delay1ms(unsigned int xms)   //@12.000MHz
   5          {
   6   1        unsigned char i, j;
   7   1        while(xms--)
   8   1        {
   9   2              i = 2;
  10   2              j = 239;
  11   2              do
  12   2              {
  13   3                  while (--j);
  14   3              } while (--i);
  15   2          }
  16   1      }
  17          void Nixie(unsigned char location,unsigned char number){
  18   1        switch(location){
  19   2          case 1:P2_4=1;P2_3=1;P2_2=1;break;
  20   2          case 2:P2_4=1;P2_3=1;P2_2=0;break;
  21   2          case 3:P2_4=1;P2_3=0;P2_2=1;break;
  22   2          case 4:P2_4=1;P2_3=0;P2_2=0;break;
  23   2          case 5:P2_4=0;P2_3=1;P2_2=1;break;
  24   2          case 6:P2_4=0;P2_3=1;P2_2=0;break;
  25   2          case 7:P2_4=0;P2_3=0;P2_2=1;break;
  26   2          case 8:P2_4=0;P2_3=0;P2_2=0;break;
  27   2        }
  28   1        P0=Nixietable[number];
  29   1        Delay1ms(1);
  30   1        P0=0x00;
  31   1      }
  32          void main ()
  33           {
  34   1         while(1)
  35   1         {
  36   2           Nixie(1,5);
  37   2           Nixie(2,1);
  38   2           Nixie(7,2);
  39   2           Nixie(8,3);
  40   2          }
  41   1       }


MODULE INFORMATION:   STATIC OVERLAYABLE
   CODE SIZE        =    160    ----
   CONSTANT SIZE    =   ----    ----
   XDATA SIZE       =   ----    ----
   PDATA SIZE       =   ----    ----
   DATA SIZE        =     10    ----
   IDATA SIZE       =   ----    ----
   BIT SIZE         =   ----    ----
END OF MODULE INFORMATION.


C51 COMPILATION COMPLETE.  0 WARNING(S),  0 ERROR(S)
