C51 COMPILER V9.54   NIXIETWO                                                              03/29/2023 21:25:36 PAGE 1   


C51 COMPILER V9.54, COMPILATION OF MODULE NIXIETWO
OBJECT MODULE PLACED IN .\Objects\NIXIETWO.obj
COMPILER INVOKED BY: D:\keil5\C51\BIN\C51.EXE NIXIETWO.c OPTIMIZE(8,SPEED) BROWSE DEBUG OBJECTEXTEND PRINT(.\Listings\NI
                    -XIETWO.lst) TABS(2) OBJECT(.\Objects\NIXIETWO.obj)

line level    source

   1          #include <REGX52.H>
   2          #include "intrins.h"
   3          
   4          sbit LSA=P2^2;
   5          sbit LSB=P2^3;
   6          sbit LSC=P2^4;
   7          
   8          unsigned char RxdByte;
   9          sbit BT_TX = P3 ^ 1;
  10          sbit BT_RX = P3 ^ 0;
  11           
  12          void UartInit(void)
  13          {
  14   1          TMOD = 0x20;
  15   1          TL1 = 0xfd;
  16   1          TH1 = 0xfd;
  17   1          TR1 = 1;
  18   1          SM0 = 0;
  19   1          SM1 = 1;
  20   1          REN = 1;
  21   1          TI = 0;
  22   1      }
  23          
  24          char bluetooth_recv(char ch)
  25          {
  26   1          while (!RI); 
  27   1          ch = SBUF;
  28   1          RI = 0;
  29   1        return ch;
  30   1      }
  31          
  32          void main() 
  33          { 
  34   1            UartInit(); 
  35   1            LSA=0;
  36   1            LSB=0;
  37   1            LSC=0;
  38   1            while (1) 
  39   1            { 
  40   2              char ch = bluetooth_recv();
*** WARNING C209 IN LINE 40 OF NIXIETWO.c: '_bluetooth_recv': too few actual parameters
  41   2                switch(ch)
  42   2                {
  43   3                  case '1':LSA = 0;LSB = 0;LSC = 0;P0=0x06;break;
  44   3                  case '2':LSA = 0;LSB = 0;LSC = 0;P0=0x5B;break;
  45   3                }
  46   2            } 
  47   1      }
  48          void UART_ISR() interrupt 4 
  49          {
  50   1            if (RI) 
  51   1            { 
  52   2                  RI = 0; 
  53   2                  RxdByte=SBUF;
C51 COMPILER V9.54   NIXIETWO                                                              03/29/2023 21:25:36 PAGE 2   

  54   2                  SBUF=RxdByte;
  55   2            } 
  56   1            if (TI) 
  57   1            { 
  58   2                  TI = 0; 
  59   2            } 
  60   1      }


MODULE INFORMATION:   STATIC OVERLAYABLE
   CODE SIZE        =     90    ----
   CONSTANT SIZE    =   ----    ----
   XDATA SIZE       =   ----    ----
   PDATA SIZE       =   ----    ----
   DATA SIZE        =      1       1
   IDATA SIZE       =   ----    ----
   BIT SIZE         =   ----    ----
END OF MODULE INFORMATION.


C51 COMPILATION COMPLETE.  1 WARNING(S),  0 ERROR(S)
