C51 COMPILER V9.54   ANGLE                                                                 04/01/2023 14:09:53 PAGE 1   


C51 COMPILER V9.54, COMPILATION OF MODULE ANGLE
OBJECT MODULE PLACED IN .\Objects\angle.obj
COMPILER INVOKED BY: D:\keil5\C51\BIN\C51.EXE angle.c OPTIMIZE(8,SPEED) BROWSE DEBUG OBJECTEXTEND PRINT(.\Listings\angle
                    -.lst) TABS(2) OBJECT(.\Objects\angle.obj)

line level    source

   1          #include "reg52.h"
   2          #include <intrins.h>
   3          sfr AUXR=0x80;
   4          sbit PWM = P3^7;  //设定PWM输出的I/O端口
   5          unsigned char count = 0;
   6          unsigned char timer1 ;
   7          
   8          void Timer0_Init()    //100微秒@12.000MHz
   9          {
  10   1        AUXR |= 0x80;   //定时器时钟1T模式
  11   1        TMOD &= 0xF0;   //设置定时器模式
  12   1        TL0 = 0x50;   //设置定时初值
  13   1        TH0 = 0xFB;   //设置定时初值
  14   1        TF0 = 0;    //清除TF0标志
  15   1        TR0 = 1;    //定时器0开始计时
  16   1      }
  17          
  18           
  19          /*T0中断初始化*/
  20          void Time0Init() interrupt 1 
  21          {
  22   1        TR0 = 0; 
  23   1        TL0 = 0x50;   //设置定时初值
  24   1        TH0 = 0xFB;   //设置定时初值
  25   1        if(count <= timer1) //5==0° 15==90°
  26   1        { 
  27   2          PWM = 1; 
  28   2        }
  29   1        else 
  30   1        { 
  31   2          PWM = 0; 
  32   2        }
  33   1        count++;
  34   1        if (count >= 200) //T = 20ms清零
  35   1        { 
  36   2          count = 0; 
  37   2        }
  38   1        TR0 = 1; //开启T0
  39   1      }


MODULE INFORMATION:   STATIC OVERLAYABLE
   CODE SIZE        =     61    ----
   CONSTANT SIZE    =   ----    ----
   XDATA SIZE       =   ----    ----
   PDATA SIZE       =   ----    ----
   DATA SIZE        =      2    ----
   IDATA SIZE       =   ----    ----
   BIT SIZE         =   ----    ----
END OF MODULE INFORMATION.


C51 COMPILATION COMPLETE.  0 WARNING(S),  0 ERROR(S)
